<?xml version="1.0" encoding="UTF-8"?>
<!-- Generated by org.testng.reporters.JUnitReportReporter -->
<testsuite hostname="LAPTOP-UMPDDTUU" failures="0" tests="1" name="com.xe.currencyconversion.TestClass" time="37.305" errors="0" timestamp="12 Feb 2019 10:30:24 GMT">
  <testcase classname="com.xe.currencyconversion.TestClass" name="f" time="37.305"/>
</testsuite> <!-- com.xe.currencyconversion.TestClass -->
