<?xml version="1.0" encoding="UTF-8"?>
<!-- Generated by org.testng.reporters.JUnitReportReporter -->
<testsuite hostname="LAPTOP-UMPDDTUU" failures="0" tests="5" name="com.xe.currencyconversion.TestClass" time="115.835" errors="0" timestamp="13 Feb 2019 08:41:50 GMT">
  <testcase classname="com.xe.currencyconversion.TestClass" name="f" time="21.789"/>
  <testcase classname="com.xe.currencyconversion.TestClass" name="f" time="20.333"/>
  <testcase classname="com.xe.currencyconversion.TestClass" name="f" time="29.023"/>
  <testcase classname="com.xe.currencyconversion.TestClass" name="f" time="19.934"/>
  <testcase classname="com.xe.currencyconversion.TestClass" name="f" time="24.756"/>
</testsuite> <!-- com.xe.currencyconversion.TestClass -->
