<?xml version="1.0" encoding="UTF-8"?>
<!-- Generated by org.testng.reporters.JUnitReportReporter -->
<testsuite hostname="LAPTOP-UMPDDTUU" failures="0" tests="5" name="com.xe.currencyconversion.TestClass" time="140.126" errors="0" timestamp="22 Feb 2019 19:28:46 GMT">
  <testcase classname="com.xe.currencyconversion.TestClass" name="f" time="27.383"/>
  <testcase classname="com.xe.currencyconversion.TestClass" name="f" time="31.070"/>
  <testcase classname="com.xe.currencyconversion.TestClass" name="f" time="31.752"/>
  <testcase classname="com.xe.currencyconversion.TestClass" name="f" time="23.537"/>
  <testcase classname="com.xe.currencyconversion.TestClass" name="f" time="26.384"/>
</testsuite> <!-- com.xe.currencyconversion.TestClass -->
