<?xml version="1.0" encoding="UTF-8"?>
<!-- Generated by org.testng.reporters.JUnitReportReporter -->
<testsuite hostname="LAPTOP-UMPDDTUU" failures="0" tests="5" name="com.xe.currencyconversion.TestClass" time="181.990" errors="0" timestamp="22 Feb 2019 09:25:35 GMT">
  <testcase classname="com.xe.currencyconversion.TestClass" name="f" time="25.548"/>
  <testcase classname="com.xe.currencyconversion.TestClass" name="f" time="54.518"/>
  <testcase classname="com.xe.currencyconversion.TestClass" name="f" time="28.021"/>
  <testcase classname="com.xe.currencyconversion.TestClass" name="f" time="27.682"/>
  <testcase classname="com.xe.currencyconversion.TestClass" name="f" time="46.221"/>
</testsuite> <!-- com.xe.currencyconversion.TestClass -->
